<?xml version="1.0" encoding="UTF-8"?>
<!-- Generated by org.testng.reporters.JUnitReportReporter -->
<testsuite hostname="LAPTOP-MR7PA18F" name="TestNGData.LoginTest" tests="10" failures="0" timestamp="31 May 2019 04:38:20 GMT" time="122.445" errors="0">
  <testcase name="loginTest" time="11.152" classname="TestNGData.LoginTest"/>
  <testcase name="loginTest" time="11.590" classname="TestNGData.LoginTest"/>
  <testcase name="loginTest" time="12.285" classname="TestNGData.LoginTest"/>
  <testcase name="loginTest" time="11.748" classname="TestNGData.LoginTest"/>
  <testcase name="loginTest" time="11.335" classname="TestNGData.LoginTest"/>
  <testcase name="loginTest" time="11.597" classname="TestNGData.LoginTest"/>
  <testcase name="loginTest" time="12.895" classname="TestNGData.LoginTest"/>
  <testcase name="loginTest" time="15.340" classname="TestNGData.LoginTest"/>
  <testcase name="loginTest" time="11.143" classname="TestNGData.LoginTest"/>
  <testcase name="loginTest" time="13.360" classname="TestNGData.LoginTest"/>
</testsuite> <!-- TestNGData.LoginTest -->
